public/flutter_local_notifications/intermediates/manifest_merge_blame_file/debug/manifest-merger-blame-debug-report.txt
1<?xml version="1.0" encoding="utf-8"?>
2<manifest xmlns:android="http://schemas.android.com/apk/res/android"
3    package="com.dexterous.flutterlocalnotifications" >
4
5    <uses-sdk
6        android:minSdkVersion="16"
6-->src\main\AndroidManifest.xml
7        android:targetSdkVersion="16" />
7-->src\main\AndroidManifest.xml
8
9    <uses-permission android:name="android.permission.RECEIVE_BOOT_COMPLETED" />
9-->src\main\AndroidManifest.xml:3:5-80
9-->src\main\AndroidManifest.xml:3:22-78
10    <uses-permission android:name="android.permission.VIBRATE" />
10-->src\main\AndroidManifest.xml:4:5-66
10-->src\main\AndroidManifest.xml:4:22-63
11    <uses-permission android:name="android.permission.USE_FULL_SCREEN_INTENT" />
11-->src\main\AndroidManifest.xml:5:5-81
11-->src\main\AndroidManifest.xml:5:22-78
12
13    <application>
13-->src\main\AndroidManifest.xml:6:5-16:19
14        <receiver android:name="com.dexterous.flutterlocalnotifications.ScheduledNotificationReceiver" />
14-->src\main\AndroidManifest.xml:7:9-106
14-->src\main\AndroidManifest.xml:7:19-103
15        <receiver android:name="com.dexterous.flutterlocalnotifications.ScheduledNotificationBootReceiver" >
15-->src\main\AndroidManifest.xml:8:9-15:20
15-->src\main\AndroidManifest.xml:8:19-107
16            <intent-filter>
16-->src\main\AndroidManifest.xml:9:13-14:29
17                <action android:name="android.intent.action.BOOT_COMPLETED" />
17-->src\main\AndroidManifest.xml:10:17-78
17-->src\main\AndroidManifest.xml:10:25-76
18                <action android:name="android.intent.action.MY_PACKAGE_REPLACED" />
18-->src\main\AndroidManifest.xml:11:17-83
18-->src\main\AndroidManifest.xml:11:25-81
19                <action android:name="android.intent.action.QUICKBOOT_POWERON" />
19-->src\main\AndroidManifest.xml:12:17-82
19-->src\main\AndroidManifest.xml:12:25-79
20                <action android:name="com.htc.intent.action.QUICKBOOT_POWERON" />
20-->src\main\AndroidManifest.xml:13:17-81
20-->src\main\AndroidManifest.xml:13:25-79
21            </intent-filter>
22        </receiver>
23    </application>
24
25</manifest>